[debug] [2026-03-23T20:06:10.099Z] ----------------------------------------------------------------------
[debug] [2026-03-23T20:06:10.101Z] Command:       /usr/local/bin/firebase /tmp/firebase-home/.cache/firebase/tools/lib/node_modules/firebase-tools/lib/bin/firebase emulators:start --project smallworld-a0223 --only auth
[debug] [2026-03-23T20:06:10.101Z] CLI Version:   15.11.0
[debug] [2026-03-23T20:06:10.101Z] Platform:      linux
[debug] [2026-03-23T20:06:10.101Z] Node Version:  v20.18.2
[debug] [2026-03-23T20:06:10.101Z] Time:          Mon Mar 23 2026 21:06:10 GMT+0100 (Central European Standard Time)
[debug] [2026-03-23T20:06:10.101Z] ----------------------------------------------------------------------
[debug] 
[debug] [2026-03-23T20:06:10.103Z] >>> [apiv2][query] GET https://firebase-public.firebaseio.com/cli.json [none]
[debug] [2026-03-23T20:06:10.711Z] Object "" in "firebase.json" has unknown property: {"additionalProperty":"type"}
[debug] [2026-03-23T20:06:10.714Z] > command requires scopes: ["email","openid","https://www.googleapis.com/auth/cloudplatformprojects.readonly","https://www.googleapis.com/auth/firebase","https://www.googleapis.com/auth/cloud-platform"]
[debug] Failed to authenticate, have you run firebase login?
[warn] ⚠  emulators: You are not currently authenticated so some features may not work correctly. Please run firebase login to authenticate the CLI. 
[debug] [2026-03-23T20:06:10.739Z] Could not find VSCode notification endpoint: FetchError: request to http://localhost:40001/vscode/notify failed, reason: . If you are not running the Firebase Data Connect VSCode extension, this is expected and not an issue.
[info] i  emulators: Shutting down emulators. {"metadata":{"emulator":{"name":"hub"},"message":"Shutting down emulators."}}
[debug] [2026-03-23T20:06:10.741Z] Could not find VSCode notification endpoint: FetchError: request to http://localhost:40001/vscode/notify failed, reason: . If you are not running the Firebase Data Connect VSCode extension, this is expected and not an issue.
[error] 
[error] Error: No emulators to start, run firebase init emulators to get started.
[debug] [2026-03-23T20:11:16.764Z] ----------------------------------------------------------------------
[debug] [2026-03-23T20:11:16.766Z] Command:       /usr/local/bin/firebase /tmp/firebase-home/.cache/firebase/tools/lib/node_modules/firebase-tools/lib/bin/firebase emulators:start --config /tmp/firebase-emulators.json --project smallworld-a0223 --only auth
[debug] [2026-03-23T20:11:16.766Z] CLI Version:   15.11.0
[debug] [2026-03-23T20:11:16.766Z] Platform:      linux
[debug] [2026-03-23T20:11:16.766Z] Node Version:  v20.18.2
[debug] [2026-03-23T20:11:16.766Z] Time:          Mon Mar 23 2026 21:11:16 GMT+0100 (Central European Standard Time)
[debug] [2026-03-23T20:11:16.766Z] ----------------------------------------------------------------------
[debug] 
[debug] [2026-03-23T20:11:16.768Z] >>> [apiv2][query] GET https://firebase-public.firebaseio.com/cli.json [none]
[debug] [2026-03-23T20:11:17.327Z] > command requires scopes: ["email","openid","https://www.googleapis.com/auth/cloudplatformprojects.readonly","https://www.googleapis.com/auth/firebase","https://www.googleapis.com/auth/cloud-platform"]
[debug] Failed to authenticate, have you run firebase login?
[warn] ⚠  emulators: You are not currently authenticated so some features may not work correctly. Please run firebase login to authenticate the CLI. 
[info] i  emulators: Starting emulators: auth {"metadata":{"emulator":{"name":"hub"},"message":"Starting emulators: auth"}}
[debug] [2026-03-23T20:11:17.386Z] [logging] Logging Emulator only supports listening on one address (127.0.0.1). Not listening on ::1
[debug] [2026-03-23T20:11:17.386Z] [auth] Authentication Emulator only supports listening on one address (127.0.0.1). Not listening on ::1
[debug] [2026-03-23T20:11:17.386Z] assigned listening specs for emulators {"user":{"hub":[{"address":"127.0.0.1","family":"IPv4","port":4400},{"address":"::1","family":"IPv6","port":4400}],"ui":[{"address":"127.0.0.1","family":"IPv4","port":4000},{"address":"::1","family":"IPv6","port":4000}],"logging":[{"address":"127.0.0.1","family":"IPv4","port":4500}],"auth":[{"address":"127.0.0.1","family":"IPv4","port":9099}]},"metadata":{"message":"assigned listening specs for emulators"}}
[debug] [2026-03-23T20:11:17.390Z] Write emulator hub locator at /tmp/hub-smallworld-a0223.json
[info] i  ui: downloading ui-v1.15.0.zip... {"metadata":{"emulator":{"name":"ui"},"message":"downloading ui-v1.15.0.zip..."}}
[debug] [2026-03-23T20:11:22.090Z] >>> [apiv2][query] GET https://storage.googleapis.com/firebase-preview-drop/emulator/ui-v1.15.0.zip 
[debug] [2026-03-23T20:11:23.381Z] <<< [apiv2][status] GET https://firebase-public.firebaseio.com/cli.json 200
[debug] [2026-03-23T20:11:23.382Z] <<< [apiv2][body] GET https://firebase-public.firebaseio.com/cli.json {"cloudBuildErrorAfter":1594252800000,"cloudBuildWarnAfter":1590019200000,"defaultNode10After":1594252800000,"minVersion":"3.0.5","node8DeploysDisabledAfter":1613390400000,"node8RuntimeDisabledAfter":1615809600000,"node8WarnAfter":1600128000000}
[debug] [2026-03-23T20:11:24.629Z] <<< [apiv2][status] GET https://storage.googleapis.com/firebase-preview-drop/emulator/ui-v1.15.0.zip 200
[debug] [2026-03-23T20:11:24.630Z] <<< [apiv2][body] GET https://storage.googleapis.com/firebase-preview-drop/emulator/ui-v1.15.0.zip [stream]
[debug] [2026-03-23T20:11:28.741Z] Data is 3538469
[debug] [2026-03-23T20:11:28.741Z] [unzip] Entry: client/ (compressed_size=0 bytes, uncompressed_size=0 bytes)
[debug] [2026-03-23T20:11:28.742Z] [unzip] Processing entry: client/
[debug] [2026-03-23T20:11:28.742Z] [unzip] mkdir: /tmp/firebase-home/.cache/firebase/emulators/ui-v1.15.0/client/
[debug] [2026-03-23T20:11:28.742Z] [unzip] Entry: client/favicon-16x16.png (compressed_size=293 bytes, uncompressed_size=293 bytes)
[debug] [2026-03-23T20:11:28.742Z] [unzip] Processing entry: client/favicon-16x16.png
[debug] [2026-03-23T20:11:28.742Z] [unzip] else mkdir: /tmp/firebase-home/.cache/firebase/emulators/ui-v1.15.0/client
[debug] [2026-03-23T20:11:28.742Z] [unzip] Writing file: /tmp/firebase-home/.cache/firebase/emulators/ui-v1.15.0/client/favicon-16x16.png
[debug] [2026-03-23T20:11:28.743Z] [unzip] Entry: client/safari-pinned-tab.svg (compressed_size=1433 bytes, uncompressed_size=2611 bytes)
[debug] [2026-03-23T20:11:28.743Z] [unzip] Processing entry: client/safari-pinned-tab.svg
[debug] [2026-03-23T20:11:28.743Z] [unzip] else mkdir: /tmp/firebase-home/.cache/firebase/emulators/ui-v1.15.0/client
[debug] [2026-03-23T20:11:28.743Z] [unzip] deflating: /tmp/firebase-home/.cache/firebase/emulators/ui-v1.15.0/client/safari-pinned-tab.svg
[debug] [2026-03-23T20:11:28.746Z] [unzip] Entry: client/favicon.ico (compressed_size=2933 bytes, uncompressed_size=13294 bytes)
[debug] [2026-03-23T20:11:28.746Z] [unzip] Processing entry: client/favicon.ico
[debug] [2026-03-23T20:11:28.746Z] [unzip] else mkdir: /tmp/firebase-home/.cache/firebase/emulators/ui-v1.15.0/client
[debug] [2026-03-23T20:11:28.747Z] [unzip] deflating: /tmp/firebase-home/.cache/firebase/emulators/ui-v1.15.0/client/favicon.ico
[debug] [2026-03-23T20:11:28.748Z] [unzip] Entry: client/index.html (compressed_size=1364 bytes, uncompressed_size=3071 bytes)
[debug] [2026-03-23T20:11:28.748Z] [unzip] Processing entry: client/index.html
[debug] [2026-03-23T20:11:28.748Z] [unzip] else mkdir: /tmp/firebase-home/.cache/firebase/emulators/ui-v1.15.0/client
[debug] [2026-03-23T20:11:28.748Z] [unzip] deflating: /tmp/firebase-home/.cache/firebase/emulators/ui-v1.15.0/client/index.html
[debug] [2026-03-23T20:11:28.749Z] [unzip] Entry: client/android-chrome-192x192.png (compressed_size=2684 bytes, uncompressed_size=2684 bytes)
[debug] [2026-03-23T20:11:28.749Z] [unzip] Processing entry: client/android-chrome-192x192.png
[debug] [2026-03-23T20:11:28.749Z] [unzip] else mkdir: /tmp/firebase-home/.cache/firebase/emulators/ui-v1.15.0/client
[debug] [2026-03-23T20:11:28.749Z] [unzip] Writing file: /tmp/firebase-home/.cache/firebase/emulators/ui-v1.15.0/client/android-chrome-192x192.png
[debug] [2026-03-23T20:11:28.749Z] [unzip] Entry: client/apple-touch-icon.png (compressed_size=2123 bytes, uncompressed_size=2152 bytes)
[debug] [2026-03-23T20:11:28.750Z] [unzip] Processing entry: client/apple-touch-icon.png
[debug] [2026-03-23T20:11:28.750Z] [unzip] else mkdir: /tmp/firebase-home/.cache/firebase/emulators/ui-v1.15.0/client
[debug] [2026-03-23T20:11:28.750Z] [unzip] deflating: /tmp/firebase-home/.cache/firebase/emulators/ui-v1.15.0/client/apple-touch-icon.png
[debug] [2026-03-23T20:11:28.751Z] [unzip] Entry: client/android-chrome-512x512.png (compressed_size=5369 bytes, uncompressed_size=5411 bytes)
[debug] [2026-03-23T20:11:28.751Z] [unzip] Processing entry: client/android-chrome-512x512.png
[debug] [2026-03-23T20:11:28.751Z] [unzip] else mkdir: /tmp/firebase-home/.cache/firebase/emulators/ui-v1.15.0/client
[debug] [2026-03-23T20:11:28.751Z] [unzip] deflating: /tmp/firebase-home/.cache/firebase/emulators/ui-v1.15.0/client/android-chrome-512x512.png
[debug] [2026-03-23T20:11:28.752Z] [unzip] Entry: client/manifest.json (compressed_size=245 bytes, uncompressed_size=551 bytes)
[debug] [2026-03-23T20:11:28.752Z] [unzip] Processing entry: client/manifest.json
[debug] [2026-03-23T20:11:28.752Z] [unzip] else mkdir: /tmp/firebase-home/.cache/firebase/emulators/ui-v1.15.0/client
[debug] [2026-03-23T20:11:28.752Z] [unzip] deflating: /tmp/firebase-home/.cache/firebase/emulators/ui-v1.15.0/client/manifest.json
[debug] [2026-03-23T20:11:28.752Z] [unzip] Entry: client/robots.txt (compressed_size=26 bytes, uncompressed_size=26 bytes)
[debug] [2026-03-23T20:11:28.753Z] [unzip] Processing entry: client/robots.txt
[debug] [2026-03-23T20:11:28.753Z] [unzip] else mkdir: /tmp/firebase-home/.cache/firebase/emulators/ui-v1.15.0/client
[debug] [2026-03-23T20:11:28.753Z] [unzip] Writing file: /tmp/firebase-home/.cache/firebase/emulators/ui-v1.15.0/client/robots.txt
[debug] [2026-03-23T20:11:28.753Z] [unzip] Entry: client/mstile-150x150.png (compressed_size=2034 bytes, uncompressed_size=2034 bytes)
[debug] [2026-03-23T20:11:28.753Z] [unzip] Processing entry: client/mstile-150x150.png
[debug] [2026-03-23T20:11:28.753Z] [unzip] else mkdir: /tmp/firebase-home/.cache/firebase/emulators/ui-v1.15.0/client
[debug] [2026-03-23T20:11:28.753Z] [unzip] Writing file: /tmp/firebase-home/.cache/firebase/emulators/ui-v1.15.0/client/mstile-150x150.png
[debug] [2026-03-23T20:11:28.753Z] [unzip] Entry: client/assets/ (compressed_size=0 bytes, uncompressed_size=0 bytes)
[debug] [2026-03-23T20:11:28.753Z] [unzip] Processing entry: client/assets/
[debug] [2026-03-23T20:11:28.754Z] [unzip] mkdir: /tmp/firebase-home/.cache/firebase/emulators/ui-v1.15.0/client/assets/
[debug] [2026-03-23T20:11:28.754Z] [unzip] Entry: client/assets/index-BX-A56oj.js (compressed_size=582089 bytes, uncompressed_size=2092775 bytes)
[debug] [2026-03-23T20:11:28.754Z] [unzip] Processing entry: client/assets/index-BX-A56oj.js
[debug] [2026-03-23T20:11:28.754Z] [unzip] else mkdir: /tmp/firebase-home/.cache/firebase/emulators/ui-v1.15.0/client/assets
[debug] [2026-03-23T20:11:28.754Z] [unzip] deflating: /tmp/firebase-home/.cache/firebase/emulators/ui-v1.15.0/client/assets/index-BX-A56oj.js
[debug] [2026-03-23T20:11:28.761Z] [unzip] Entry: client/assets/index-CjB9C900.css (compressed_size=35979 bytes, uncompressed_size=298654 bytes)
[debug] [2026-03-23T20:11:28.761Z] [unzip] Processing entry: client/assets/index-CjB9C900.css
[debug] [2026-03-23T20:11:28.761Z] [unzip] else mkdir: /tmp/firebase-home/.cache/firebase/emulators/ui-v1.15.0/client/assets
[debug] [2026-03-23T20:11:28.761Z] [unzip] deflating: /tmp/firebase-home/.cache/firebase/emulators/ui-v1.15.0/client/assets/index-CjB9C900.css
[debug] [2026-03-23T20:11:28.762Z] [unzip] Entry: client/assets/index-BX-A56oj.js.map (compressed_size=2362482 bytes, uncompressed_size=10036679 bytes)
[debug] [2026-03-23T20:11:28.762Z] [unzip] Processing entry: client/assets/index-BX-A56oj.js.map
[debug] [2026-03-23T20:11:28.762Z] [unzip] else mkdir: /tmp/firebase-home/.cache/firebase/emulators/ui-v1.15.0/client/assets
[debug] [2026-03-23T20:11:28.762Z] [unzip] deflating: /tmp/firebase-home/.cache/firebase/emulators/ui-v1.15.0/client/assets/index-BX-A56oj.js.map
[debug] [2026-03-23T20:11:28.790Z] [unzip] Entry: client/assets/extensions/ (compressed_size=0 bytes, uncompressed_size=0 bytes)
[debug] [2026-03-23T20:11:28.790Z] [unzip] Processing entry: client/assets/extensions/
[debug] [2026-03-23T20:11:28.790Z] [unzip] mkdir: /tmp/firebase-home/.cache/firebase/emulators/ui-v1.15.0/client/assets/extensions/
[debug] [2026-03-23T20:11:28.790Z] [unzip] Entry: client/assets/extensions/default-extension.png (compressed_size=1646 bytes, uncompressed_size=1657 bytes)
[debug] [2026-03-23T20:11:28.790Z] [unzip] Processing entry: client/assets/extensions/default-extension.png
[debug] [2026-03-23T20:11:28.790Z] [unzip] else mkdir: /tmp/firebase-home/.cache/firebase/emulators/ui-v1.15.0/client/assets/extensions
[debug] [2026-03-23T20:11:28.791Z] [unzip] deflating: /tmp/firebase-home/.cache/firebase/emulators/ui-v1.15.0/client/assets/extensions/default-extension.png
[debug] [2026-03-23T20:11:28.791Z] [unzip] Entry: client/assets/img/ (compressed_size=0 bytes, uncompressed_size=0 bytes)
[debug] [2026-03-23T20:11:28.792Z] [unzip] Processing entry: client/assets/img/
[debug] [2026-03-23T20:11:28.792Z] [unzip] mkdir: /tmp/firebase-home/.cache/firebase/emulators/ui-v1.15.0/client/assets/img/
[debug] [2026-03-23T20:11:28.792Z] [unzip] Entry: client/assets/img/database.png (compressed_size=29449 bytes, uncompressed_size=29988 bytes)
[debug] [2026-03-23T20:11:28.792Z] [unzip] Processing entry: client/assets/img/database.png
[debug] [2026-03-23T20:11:28.792Z] [unzip] else mkdir: /tmp/firebase-home/.cache/firebase/emulators/ui-v1.15.0/client/assets/img
[debug] [2026-03-23T20:11:28.792Z] [unzip] deflating: /tmp/firebase-home/.cache/firebase/emulators/ui-v1.15.0/client/assets/img/database.png
[debug] [2026-03-23T20:11:28.793Z] [unzip] Entry: client/assets/provider-icons/ (compressed_size=0 bytes, uncompressed_size=0 bytes)
[debug] [2026-03-23T20:11:28.793Z] [unzip] Processing entry: client/assets/provider-icons/
[debug] [2026-03-23T20:11:28.793Z] [unzip] mkdir: /tmp/firebase-home/.cache/firebase/emulators/ui-v1.15.0/client/assets/provider-icons/
[debug] [2026-03-23T20:11:28.793Z] [unzip] Entry: client/assets/provider-icons/auth_service_saml.svg (compressed_size=575 bytes, uncompressed_size=1226 bytes)
[debug] [2026-03-23T20:11:28.793Z] [unzip] Processing entry: client/assets/provider-icons/auth_service_saml.svg
[debug] [2026-03-23T20:11:28.793Z] [unzip] else mkdir: /tmp/firebase-home/.cache/firebase/emulators/ui-v1.15.0/client/assets/provider-icons
[debug] [2026-03-23T20:11:28.793Z] [unzip] deflating: /tmp/firebase-home/.cache/firebase/emulators/ui-v1.15.0/client/assets/provider-icons/auth_service_saml.svg
[debug] [2026-03-23T20:11:28.794Z] [unzip] Entry: client/assets/provider-icons/auth_service_phone.svg (compressed_size=261 bytes, uncompressed_size=414 bytes)
[debug] [2026-03-23T20:11:28.794Z] [unzip] Processing entry: client/assets/provider-icons/auth_service_phone.svg
[debug] [2026-03-23T20:11:28.794Z] [unzip] else mkdir: /tmp/firebase-home/.cache/firebase/emulators/ui-v1.15.0/client/assets/provider-icons
[debug] [2026-03-23T20:11:28.794Z] [unzip] deflating: /tmp/firebase-home/.cache/firebase/emulators/ui-v1.15.0/client/assets/provider-icons/auth_service_phone.svg
[debug] [2026-03-23T20:11:28.795Z] [unzip] Entry: client/assets/provider-icons/auth_service_facebook.svg (compressed_size=289 bytes, uncompressed_size=457 bytes)
[debug] [2026-03-23T20:11:28.795Z] [unzip] Processing entry: client/assets/provider-icons/auth_service_facebook.svg
[debug] [2026-03-23T20:11:28.795Z] [unzip] else mkdir: /tmp/firebase-home/.cache/firebase/emulators/ui-v1.15.0/client/assets/provider-icons
[debug] [2026-03-23T20:11:28.795Z] [unzip] deflating: /tmp/firebase-home/.cache/firebase/emulators/ui-v1.15.0/client/assets/provider-icons/auth_service_facebook.svg
[debug] [2026-03-23T20:11:28.795Z] [unzip] Entry: client/assets/provider-icons/auth_service_game_center.svg (compressed_size=991 bytes, uncompressed_size=3921 bytes)
[debug] [2026-03-23T20:11:28.795Z] [unzip] Processing entry: client/assets/provider-icons/auth_service_game_center.svg
[debug] [2026-03-23T20:11:28.795Z] [unzip] else mkdir: /tmp/firebase-home/.cache/firebase/emulators/ui-v1.15.0/client/assets/provider-icons
[debug] [2026-03-23T20:11:28.795Z] [unzip] deflating: /tmp/firebase-home/.cache/firebase/emulators/ui-v1.15.0/client/assets/provider-icons/auth_service_game_center.svg
[debug] [2026-03-23T20:11:28.796Z] [unzip] Entry: client/assets/provider-icons/auth_service_apple.svg (compressed_size=230 bytes, uncompressed_size=334 bytes)
[debug] [2026-03-23T20:11:28.796Z] [unzip] Processing entry: client/assets/provider-icons/auth_service_apple.svg
[debug] [2026-03-23T20:11:28.796Z] [unzip] else mkdir: /tmp/firebase-home/.cache/firebase/emulators/ui-v1.15.0/client/assets/provider-icons
[debug] [2026-03-23T20:11:28.796Z] [unzip] deflating: /tmp/firebase-home/.cache/firebase/emulators/ui-v1.15.0/client/assets/provider-icons/auth_service_apple.svg
[debug] [2026-03-23T20:11:28.797Z] [unzip] Entry: client/assets/provider-icons/auth_service_github.svg (compressed_size=466 bytes, uncompressed_size=838 bytes)
[debug] [2026-03-23T20:11:28.797Z] [unzip] Processing entry: client/assets/provider-icons/auth_service_github.svg
[debug] [2026-03-23T20:11:28.797Z] [unzip] else mkdir: /tmp/firebase-home/.cache/firebase/emulators/ui-v1.15.0/client/assets/provider-icons
[debug] [2026-03-23T20:11:28.797Z] [unzip] deflating: /tmp/firebase-home/.cache/firebase/emulators/ui-v1.15.0/client/assets/provider-icons/auth_service_github.svg
[debug] [2026-03-23T20:11:28.797Z] [unzip] Entry: client/assets/provider-icons/auth_service_mslive.svg (compressed_size=203 bytes, uncompressed_size=378 bytes)
[debug] [2026-03-23T20:11:28.797Z] [unzip] Processing entry: client/assets/provider-icons/auth_service_mslive.svg
[debug] [2026-03-23T20:11:28.797Z] [unzip] else mkdir: /tmp/firebase-home/.cache/firebase/emulators/ui-v1.15.0/client/assets/provider-icons
[debug] [2026-03-23T20:11:28.797Z] [unzip] deflating: /tmp/firebase-home/.cache/firebase/emulators/ui-v1.15.0/client/assets/provider-icons/auth_service_mslive.svg
[debug] [2026-03-23T20:11:28.798Z] [unzip] Entry: client/assets/provider-icons/auth_service_yahoo.svg (compressed_size=577 bytes, uncompressed_size=1182 bytes)
[debug] [2026-03-23T20:11:28.798Z] [unzip] Processing entry: client/assets/provider-icons/auth_service_yahoo.svg
[debug] [2026-03-23T20:11:28.798Z] [unzip] else mkdir: /tmp/firebase-home/.cache/firebase/emulators/ui-v1.15.0/client/assets/provider-icons
[debug] [2026-03-23T20:11:28.798Z] [unzip] deflating: /tmp/firebase-home/.cache/firebase/emulators/ui-v1.15.0/client/assets/provider-icons/auth_service_yahoo.svg
[debug] [2026-03-23T20:11:28.799Z] [unzip] Entry: client/assets/provider-icons/auth_service_twitter.svg (compressed_size=444 bytes, uncompressed_size=751 bytes)
[debug] [2026-03-23T20:11:28.799Z] [unzip] Processing entry: client/assets/provider-icons/auth_service_twitter.svg
[debug] [2026-03-23T20:11:28.799Z] [unzip] else mkdir: /tmp/firebase-home/.cache/firebase/emulators/ui-v1.15.0/client/assets/provider-icons
[debug] [2026-03-23T20:11:28.799Z] [unzip] deflating: /tmp/firebase-home/.cache/firebase/emulators/ui-v1.15.0/client/assets/provider-icons/auth_service_twitter.svg
[debug] [2026-03-23T20:11:28.799Z] [unzip] Entry: client/assets/provider-icons/auth_service_play_games.svg (compressed_size=565 bytes, uncompressed_size=1173 bytes)
[debug] [2026-03-23T20:11:28.799Z] [unzip] Processing entry: client/assets/provider-icons/auth_service_play_games.svg
[debug] [2026-03-23T20:11:28.799Z] [unzip] else mkdir: /tmp/firebase-home/.cache/firebase/emulators/ui-v1.15.0/client/assets/provider-icons
[debug] [2026-03-23T20:11:28.799Z] [unzip] deflating: /tmp/firebase-home/.cache/firebase/emulators/ui-v1.15.0/client/assets/provider-icons/auth_service_play_games.svg
[debug] [2026-03-23T20:11:28.800Z] [unzip] Entry: client/assets/provider-icons/auth_service_email.svg (compressed_size=228 bytes, uncompressed_size=326 bytes)
[debug] [2026-03-23T20:11:28.800Z] [unzip] Processing entry: client/assets/provider-icons/auth_service_email.svg
[debug] [2026-03-23T20:11:28.800Z] [unzip] else mkdir: /tmp/firebase-home/.cache/firebase/emulators/ui-v1.15.0/client/assets/provider-icons
[debug] [2026-03-23T20:11:28.800Z] [unzip] deflating: /tmp/firebase-home/.cache/firebase/emulators/ui-v1.15.0/client/assets/provider-icons/auth_service_email.svg
[debug] [2026-03-23T20:11:28.800Z] [unzip] Entry: client/assets/provider-icons/auth_service_google.svg (compressed_size=409 bytes, uncompressed_size=720 bytes)
[debug] [2026-03-23T20:11:28.801Z] [unzip] Processing entry: client/assets/provider-icons/auth_service_google.svg
[debug] [2026-03-23T20:11:28.801Z] [unzip] else mkdir: /tmp/firebase-home/.cache/firebase/emulators/ui-v1.15.0/client/assets/provider-icons
[debug] [2026-03-23T20:11:28.801Z] [unzip] deflating: /tmp/firebase-home/.cache/firebase/emulators/ui-v1.15.0/client/assets/provider-icons/auth_service_google.svg
[debug] [2026-03-23T20:11:28.801Z] [unzip] Entry: client/assets/provider-icons/auth_service_oidc.svg (compressed_size=414 bytes, uncompressed_size=858 bytes)
[debug] [2026-03-23T20:11:28.801Z] [unzip] Processing entry: client/assets/provider-icons/auth_service_oidc.svg
[debug] [2026-03-23T20:11:28.801Z] [unzip] else mkdir: /tmp/firebase-home/.cache/firebase/emulators/ui-v1.15.0/client/assets/provider-icons
[debug] [2026-03-23T20:11:28.801Z] [unzip] deflating: /tmp/firebase-home/.cache/firebase/emulators/ui-v1.15.0/client/assets/provider-icons/auth_service_oidc.svg
[debug] [2026-03-23T20:11:28.802Z] [unzip] Entry: client/browserconfig.xml (compressed_size=491 bytes, uncompressed_size=822 bytes)
[debug] [2026-03-23T20:11:28.802Z] [unzip] Processing entry: client/browserconfig.xml
[debug] [2026-03-23T20:11:28.802Z] [unzip] else mkdir: /tmp/firebase-home/.cache/firebase/emulators/ui-v1.15.0/client
[debug] [2026-03-23T20:11:28.802Z] [unzip] deflating: /tmp/firebase-home/.cache/firebase/emulators/ui-v1.15.0/client/browserconfig.xml
[debug] [2026-03-23T20:11:28.802Z] [unzip] Entry: client/favicon-32x32.png (compressed_size=475 bytes, uncompressed_size=475 bytes)
[debug] [2026-03-23T20:11:28.802Z] [unzip] Processing entry: client/favicon-32x32.png
[debug] [2026-03-23T20:11:28.802Z] [unzip] else mkdir: /tmp/firebase-home/.cache/firebase/emulators/ui-v1.15.0/client
[debug] [2026-03-23T20:11:28.802Z] [unzip] Writing file: /tmp/firebase-home/.cache/firebase/emulators/ui-v1.15.0/client/favicon-32x32.png
[debug] [2026-03-23T20:11:28.803Z] [unzip] Entry: server/ (compressed_size=0 bytes, uncompressed_size=0 bytes)
[debug] [2026-03-23T20:11:28.803Z] [unzip] Processing entry: server/
[debug] [2026-03-23T20:11:28.803Z] [unzip] mkdir: /tmp/firebase-home/.cache/firebase/emulators/ui-v1.15.0/server/
[debug] [2026-03-23T20:11:28.803Z] [unzip] Entry: server/server.mjs.map (compressed_size=217845 bytes, uncompressed_size=944978 bytes)
[debug] [2026-03-23T20:11:28.803Z] [unzip] Processing entry: server/server.mjs.map
[debug] [2026-03-23T20:11:28.803Z] [unzip] else mkdir: /tmp/firebase-home/.cache/firebase/emulators/ui-v1.15.0/server
[debug] [2026-03-23T20:11:28.803Z] [unzip] deflating: /tmp/firebase-home/.cache/firebase/emulators/ui-v1.15.0/server/server.mjs.map
[debug] [2026-03-23T20:11:28.806Z] [unzip] Entry: server/server.mjs (compressed_size=276407 bytes, uncompressed_size=933701 bytes)
[debug] [2026-03-23T20:11:28.806Z] [unzip] Processing entry: server/server.mjs
[debug] [2026-03-23T20:11:28.806Z] [unzip] else mkdir: /tmp/firebase-home/.cache/firebase/emulators/ui-v1.15.0/server
[debug] [2026-03-23T20:11:28.806Z] [unzip] deflating: /tmp/firebase-home/.cache/firebase/emulators/ui-v1.15.0/server/server.mjs
[debug] [2026-03-23T20:11:28.813Z] Could not find VSCode notification endpoint: FetchError: request to http://localhost:40001/vscode/notify failed, reason: . If you are not running the Firebase Data Connect VSCode extension, this is expected and not an issue.
[info] 
┌─────────────────────────────────────────────────────────────┐
│ ✔  All emulators ready! It is now safe to connect your app. │
│ i  View Emulator UI at http://127.0.0.1:4000/               │
└─────────────────────────────────────────────────────────────┘

┌────────────────┬────────────────┬────────────────────────────┐
│ Emulator       │ Host:Port      │ View in Emulator UI        │
├────────────────┼────────────────┼────────────────────────────┤
│ Authentication │ 127.0.0.1:9099 │ http://127.0.0.1:4000/auth │
└────────────────┴────────────────┴────────────────────────────┘
  Emulator Hub host: 127.0.0.1 port: 4400
  Other reserved ports: 4500

Issues? Report them at https://github.com/firebase/firebase-tools/issues and attach the *-debug.log files.
 
[debug] [2026-03-23T20:13:07.612Z] Received signal SIGINT (Ctrl-C) 1
[info]  
[info] i  emulators: Received SIGINT (Ctrl-C) for the first time. Starting a clean shutdown. 
[info] i  emulators: Please wait for a clean shutdown or send the SIGINT (Ctrl-C) signal again to stop right now. 
[debug] [2026-03-23T20:13:07.614Z] Found emulator hub locator: {"version":"15.11.0","origins":["http://127.0.0.1:4400","http://[::1]:4400"],"pid":67693}
[debug] [2026-03-23T20:13:07.615Z] Delete emulator hub locator file: /tmp/hub-smallworld-a0223.json
[info] i  emulators: Shutting down emulators. {"metadata":{"emulator":{"name":"hub"},"message":"Shutting down emulators."}}
[info] i  ui: Stopping Emulator UI {"metadata":{"emulator":{"name":"ui"},"message":"Stopping Emulator UI"}}
[info] i  auth: Stopping Authentication Emulator {"metadata":{"emulator":{"name":"auth"},"message":"Stopping Authentication Emulator"}}
[info] i  hub: Stopping emulator hub {"metadata":{"emulator":{"name":"hub"},"message":"Stopping emulator hub"}}
[info] i  logging: Stopping Logging Emulator {"metadata":{"emulator":{"name":"logging"},"message":"Stopping Logging Emulator"}}
[debug] [2026-03-23T20:13:07.623Z] Received signal SIGHUP 1
[info]  
[info] i  emulators: Received SIGHUP for the first time. Starting a clean shutdown. 
[info] i  emulators: Please wait for a clean shutdown or send the SIGHUP signal again to stop right now. 
[info] i  emulators: Shutting down emulators. {"metadata":{"emulator":{"name":"hub"},"message":"Shutting down emulators."}}
[debug] [2026-03-23T20:13:07.625Z] Could not find VSCode notification endpoint: FetchError: request to http://localhost:40001/vscode/notify failed, reason: . If you are not running the Firebase Data Connect VSCode extension, this is expected and not an issue.
